<?xml version="1.0" encoding="UTF-8"?>
<testsuite name="com.symverse.sct20tokensend.transaction.service.Sct20SendRawTransactionServiceTest" tests="8" skipped="0" failures="0" errors="0" timestamp="2019-08-27T07:50:40" hostname="DESKTOP-S8RAEA7" time="0.563">
  <properties/>
  <testcase name="sct20_MethodCode_0" classname="com.symverse.sct20tokensend.transaction.service.Sct20SendRawTransactionServiceTest" time="0.256"/>
  <testcase name="sct20_MethodCode_1" classname="com.symverse.sct20tokensend.transaction.service.Sct20SendRawTransactionServiceTest" time="0.045"/>
  <testcase name="sct20_MethodCode_2" classname="com.symverse.sct20tokensend.transaction.service.Sct20SendRawTransactionServiceTest" time="0.043"/>
  <testcase name="sct20_MethodCode_3" classname="com.symverse.sct20tokensend.transaction.service.Sct20SendRawTransactionServiceTest" time="0.035"/>
  <testcase name="sct20_MethodCode_4" classname="com.symverse.sct20tokensend.transaction.service.Sct20SendRawTransactionServiceTest" time="0.038"/>
  <testcase name="sct20_MethodCode_5" classname="com.symverse.sct20tokensend.transaction.service.Sct20SendRawTransactionServiceTest" time="0.039"/>
  <testcase name="sct20_MethodCode_6" classname="com.symverse.sct20tokensend.transaction.service.Sct20SendRawTransactionServiceTest" time="0.05"/>
  <testcase name="sct20_MethodCode_7" classname="com.symverse.sct20tokensend.transaction.service.Sct20SendRawTransactionServiceTest" time="0.032"/>
  <system-out><![CDATA[16:50:36.735 [Test worker] DEBUG org.springframework.test.context.junit4.SpringJUnit4ClassRunner - SpringJUnit4ClassRunner constructor called with [class com.symverse.sct20tokensend.transaction.service.Sct20SendRawTransactionServiceTest]
16:50:36.743 [Test worker] DEBUG org.springframework.test.context.BootstrapUtils - Instantiating CacheAwareContextLoaderDelegate from class [org.springframework.test.context.cache.DefaultCacheAwareContextLoaderDelegate]
16:50:36.750 [Test worker] DEBUG org.springframework.test.context.BootstrapUtils - Instantiating BootstrapContext using constructor [public org.springframework.test.context.support.DefaultBootstrapContext(java.lang.Class,org.springframework.test.context.CacheAwareContextLoaderDelegate)]
16:50:36.770 [Test worker] DEBUG org.springframework.test.context.BootstrapUtils - Instantiating TestContextBootstrapper for test class [com.symverse.sct20tokensend.transaction.service.Sct20SendRawTransactionServiceTest] from class [org.springframework.boot.test.context.SpringBootTestContextBootstrapper]
16:50:36.784 [Test worker] INFO org.springframework.boot.test.context.SpringBootTestContextBootstrapper - Neither @ContextConfiguration nor @ContextHierarchy found for test class [com.symverse.sct20tokensend.transaction.service.Sct20SendRawTransactionServiceTest], using SpringBootContextLoader
16:50:36.787 [Test worker] DEBUG org.springframework.test.context.support.AbstractContextLoader - Did not detect default resource location for test class [com.symverse.sct20tokensend.transaction.service.Sct20SendRawTransactionServiceTest]: class path resource [com/symverse/sct20tokensend/transaction/service/Sct20SendRawTransactionServiceTest-context.xml] does not exist
16:50:36.788 [Test worker] DEBUG org.springframework.test.context.support.AbstractContextLoader - Did not detect default resource location for test class [com.symverse.sct20tokensend.transaction.service.Sct20SendRawTransactionServiceTest]: class path resource [com/symverse/sct20tokensend/transaction/service/Sct20SendRawTransactionServiceTestContext.groovy] does not exist
16:50:36.788 [Test worker] INFO org.springframework.test.context.support.AbstractContextLoader - Could not detect default resource locations for test class [com.symverse.sct20tokensend.transaction.service.Sct20SendRawTransactionServiceTest]: no resource found for suffixes {-context.xml, Context.groovy}.
16:50:36.788 [Test worker] INFO org.springframework.test.context.support.AnnotationConfigContextLoaderUtils - Could not detect default configuration classes for test class [com.symverse.sct20tokensend.transaction.service.Sct20SendRawTransactionServiceTest]: Sct20SendRawTransactionServiceTest does not declare any static, non-private, non-final, nested classes annotated with @Configuration.
16:50:36.825 [Test worker] DEBUG org.springframework.test.context.support.ActiveProfilesUtils - Could not find an 'annotation declaring class' for annotation type [org.springframework.test.context.ActiveProfiles] and class [com.symverse.sct20tokensend.transaction.service.Sct20SendRawTransactionServiceTest]
16:50:36.832 [Test worker] DEBUG org.springframework.core.env.StandardEnvironment - Adding PropertySource 'systemProperties' with lowest search precedence
16:50:36.832 [Test worker] DEBUG org.springframework.core.env.StandardEnvironment - Adding PropertySource 'systemEnvironment' with lowest search precedence
16:50:36.832 [Test worker] DEBUG org.springframework.core.env.StandardEnvironment - Initialized StandardEnvironment with PropertySources [MapPropertySource@172920878 {name='systemProperties', properties={java.runtime.name=Java(TM) SE Runtime Environment, sun.boot.library.path=C:\Program Files\Java\jdk1.8.0_201\jre\bin, java.vm.version=25.201-b09, java.vm.vendor=Oracle Corporation, java.vendor.url=http://java.oracle.com/, java.rmi.server.randomIDs=true, path.separator=;, java.vm.name=Java HotSpot(TM) 64-Bit Server VM, file.encoding.pkg=sun.io, user.script=, sun.java.launcher=SUN_STANDARD, user.country=KR, sun.os.patch.level=, java.vm.specification.name=Java Virtual Machine Specification, user.dir=D:\workspace\ca_web_coupon_api\sct20SampleProject, java.runtime.version=1.8.0_201-b09, java.awt.graphicsenv=sun.awt.Win32GraphicsEnvironment, java.endorsed.dirs=C:\Program Files\Java\jdk1.8.0_201\jre\lib\endorsed, os.arch=amd64, java.io.tmpdir=C:\Users\user\AppData\Local\Temp\, line.separator=
, java.vm.specification.vendor=Oracle Corporation, user.variant=, os.name=Windows 10, sun.jnu.encoding=MS949, java.library.path=C:\Program Files\Java\jdk1.8.0_201\bin;C:\Windows\Sun\Java\bin;C:\Windows\system32;C:\Windows;C:/Program Files/Java/jre1.8.0_201/bin/server;C:/Program Files/Java/jre1.8.0_201/bin;C:/Program Files/Java/jre1.8.0_201/lib/amd64;C:\Program Files\VanDyke Software\Clients\;C:\Program Files (x86)\Common Files\Oracle\Java\javapath;C:\Windows\system32;C:\Windows;C:\Windows\System32\Wbem;C:\Windows\System32\WindowsPowerShell\v1.0\;C:\Windows\System32\OpenSSH\;C:\Program Files (x86)\NVIDIA Corporation\PhysX\Common;C:\Program Files\NVIDIA Corporation\NVIDIA NvDLISR;C:\Program Files\PuTTY\;C:\Users\user\AppData\Roaming\nvm;C:\Program Files\nodejs;C:\Program Files\nodejs\;C:\Program Files\Cloud Foundry;C:\Users\user\AppData\Local\Microsoft\WindowsApps;C:\Program Files\Java\jdk1.8.0_201\bin;D:\program\gradle\bin;C:\Program Files\JetBrains\IntelliJ IDEA 2018.3.4\bin;C:\Users\user\AppData\Local\Programs\Fiddler;C:\Users\user\AppData\Roaming\nvm;C:\Program Files\nodejs;C:\Users\user\AppData\Roaming\npm;C:\Users\user\AppData\Local\Programs\Microsoft VS Code\bin;C:\Users\user\eclipse\jee-2018-12\eclipse;;., java.specification.name=Java Platform API Specification, java.class.version=52.0, org.gradle.native=false, sun.management.compiler=HotSpot 64-Bit Tiered Compilers, os.version=10.0, user.home=C:\Users\user, user.timezone=Asia/Seoul, java.awt.printerjob=sun.awt.windows.WPrinterJob, file.encoding=x-windows-949, java.specification.version=1.8, java.class.path=D:\workspace\ca_web_coupon_api\sct20SampleProject\build\classes\java\test;D:\workspace\ca_web_coupon_api\sct20SampleProject\build\resources\test;D:\workspace\ca_web_coupon_api\sct20SampleProject\build\classes\java\main;D:\workspace\ca_web_coupon_api\sct20SampleProject\build\resources\main;D:\workspace\ca_web_coupon_api\sct20SampleProject\libs\SymWeb3j\core-4.1.0.jar;D:\workspace\ca_web_coupon_api\sct20SampleProject\libs\SymWeb3j\crypto-4.1.0.jar;D:\workspace\ca_web_coupon_api\sct20SampleProject\libs\SymWeb3j\rlp-4.1.0.jar;D:\workspace\ca_web_coupon_api\sct20SampleProject\libs\SymWeb3j\utils-4.1.0.jar;C:\Users\user\.gradle\caches\modules-2\files-2.1\org.apache.commons\commons-math3\3.6.1\e4ba98f1d4b3c80ec46392f25e094a6a2e58fcbf\commons-math3-3.6.1.jar;C:\Users\user\.gradle\caches\modules-2\files-2.1\org.springframework.boot\spring-boot-starter-web\2.0.6.RELEASE\e803fc341b450b2ce01734df12e5881b8e78c0a7\spring-boot-starter-web-2.0.6.RELEASE.jar;C:\Users\user\.gradle\caches\modules-2\files-2.1\org.bouncycastle\bcprov-jdk15on\1.54\1acdedeb89f1d950d67b73d481eb7736df65eedb\bcprov-jdk15on-1.54.jar;C:\Users\user\.gradle\caches\modules-2\files-2.1\com.google.code.gson\gson\2.8.5\f645ed69d595b24d4cf8b3fbb64cc505bede8829\gson-2.8.5.jar;C:\Users\user\.gradle\caches\modules-2\files-2.1\org.mariadb.jdbc\mariadb-java-client\2.2.5\3d1406a8ed02ca69cc389ae715cee8913871a81e\mariadb-java-client-2.2.5.jar;C:\Users\user\.gradle\caches\modules-2\files-2.1\org.projectlombok\lombok\1.16.18\557d13dcb647038dc687390711ccb5c9b3ffbd60\lombok-1.16.18.jar;C:\Users\user\.gradle\caches\modules-2\files-2.1\io.reactivex.rxjava2\rxjava\2.2.2\db2277cb0641bd8bd2f491fab555d37345351d6\rxjava-2.2.2.jar;C:\Users\user\.gradle\caches\modules-2\files-2.1\com.squareup.okhttp3\logging-interceptor\3.8.0\f765f004f3e201bd6ad0904266e605d7fb776d5\logging-interceptor-3.8.0.jar;C:\Users\user\.gradle\caches\modules-2\files-2.1\com.squareup.okhttp3\okhttp\3.8.0\5a11f020cce2d11eb71ba916700600e18c4547e7\okhttp-3.8.0.jar;C:\Users\user\.gradle\caches\modules-2\files-2.1\com.google.guava\guava\23.0\c947004bb13d18182be60077ade044099e4f26f1\guava-23.0.jar;C:\Users\user\.gradle\caches\modules-2\files-2.1\org.springframework.boot\spring-boot-starter-test\2.0.6.RELEASE\f92fd015cfc9a9bd6ae653dca8d4ec5b83d4ba00\spring-boot-starter-test-2.0.6.RELEASE.jar;C:\Users\user\.gradle\caches\modules-2\files-2.1\junit\junit\4.12\2973d150c0dc1fefe998f834810d68f278ea58ec\junit-4.12.jar;C:\Users\user\.gradle\caches\modules-2\files-2.1\org.springframework.boot\spring-boot-starter-json\2.0.6.RELEASE\1b3912af3eecdbbc6cda497acc7939f2ce21e39d\spring-boot-starter-json-2.0.6.RELEASE.jar;C:\Users\user\.gradle\caches\modules-2\files-2.1\org.springframework.boot\spring-boot-starter\2.0.6.RELEASE\9d904a4387e076343a3478c32198ec7d9d633ff4\spring-boot-starter-2.0.6.RELEASE.jar;C:\Users\user\.gradle\caches\modules-2\files-2.1\org.springframework.boot\spring-boot-starter-tomcat\2.0.6.RELEASE\64b22bc3d0ba734532e7cbe941354985f2a86242\spring-boot-starter-tomcat-2.0.6.RELEASE.jar;C:\Users\user\.gradle\caches\modules-2\files-2.1\org.hibernate.validator\hibernate-validator\6.0.13.Final\af4232bf90ecd33c71147d67185dbb1cfe8f33df\hibernate-validator-6.0.13.Final.jar;C:\Users\user\.gradle\caches\modules-2\files-2.1\org.springframework\spring-webmvc\5.0.10.RELEASE\88a601321e2b4e3b84eed0909c24b9dd8e453b5f\spring-webmvc-5.0.10.RELEASE.jar;C:\Users\user\.gradle\caches\modules-2\files-2.1\org.springframework\spring-web\5.0.10.RELEASE\fbaaa53ec99f45fd7aaf9125beeb5c3388cce088\spring-web-5.0.10.RELEASE.jar;C:\Users\user\.gradle\caches\modules-2\files-2.1\org.reactivestreams\reactive-streams\1.0.2\323964c36556eb0e6209f65c1cef72b53b461ab8\reactive-streams-1.0.2.jar;C:\Users\user\.gradle\caches\modules-2\files-2.1\com.squareup.okio\okio\1.13.0\a9283170b7305c8d92d25aff02a6ab7e45d06cbe\okio-1.13.0.jar;C:\Users\user\.gradle\caches\modules-2\files-2.1\com.google.code.findbugs\jsr305\1.3.9\40719ea6961c0cb6afaeb6a921eaa1f6afd4cfdf\jsr305-1.3.9.jar;C:\Users\user\.gradle\caches\modules-2\files-2.1\com.google.errorprone\error_prone_annotations\2.0.18\5f65affce1684999e2f4024983835efc3504012e\error_prone_annotations-2.0.18.jar;C:\Users\user\.gradle\caches\modules-2\files-2.1\com.google.j2objc\j2objc-annotations\1.1\ed28ded51a8b1c6b112568def5f4b455e6809019\j2objc-annotations-1.1.jar;C:\Users\user\.gradle\caches\modules-2\files-2.1\org.codehaus.mojo\animal-sniffer-annotations\1.14\775b7e22fb10026eed3f86e8dc556dfafe35f2d5\animal-sniffer-annotations-1.14.jar;C:\Users\user\.gradle\caches\modules-2\files-2.1\org.springframework.boot\spring-boot-test-autoconfigure\2.0.6.RELEASE\b0eb15474e795850dfa59b01ee6a83d7a39e3645\spring-boot-test-autoconfigure-2.0.6.RELEASE.jar;C:\Users\user\.gradle\caches\modules-2\files-2.1\org.springframework.boot\spring-boot-test\2.0.6.RELEASE\33a53ca6d55f35b3a89320c260262a5310ba8afc\spring-boot-test-2.0.6.RELEASE.jar;C:\Users\user\.gradle\caches\modules-2\files-2.1\com.jayway.jsonpath\json-path\2.4.0\765a4401ceb2dc8d40553c2075eb80a8fa35c2ae\json-path-2.4.0.jar;C:\Users\user\.gradle\caches\modules-2\files-2.1\org.assertj\assertj-core\3.9.1\c5ce126b15f28d56cd8f960c1a6a058b9c9aea87\assertj-core-3.9.1.jar;C:\Users\user\.gradle\caches\modules-2\files-2.1\org.mockito\mockito-core\2.15.0\b84bfbbc29cd22c9529409627af6ea2897f4fa85\mockito-core-2.15.0.jar;C:\Users\user\.gradle\caches\modules-2\files-2.1\org.hamcrest\hamcrest-library\1.3\4785a3c21320980282f9f33d0d1264a69040538f\hamcrest-library-1.3.jar;C:\Users\user\.gradle\caches\modules-2\files-2.1\org.hamcrest\hamcrest-core\1.3\42a25dc3219429f0e5d060061f71acb49bf010a0\hamcrest-core-1.3.jar;C:\Users\user\.gradle\caches\modules-2\files-2.1\org.skyscreamer\jsonassert\1.5.0\6c9d5fe2f59da598d9aefc1cfc6528ff3cf32df3\jsonassert-1.5.0.jar;C:\Users\user\.gradle\caches\modules-2\files-2.1\org.springframework\spring-test\5.0.10.RELEASE\1d2d272073f36c689c693ec3ec94d7ad7e136a2e\spring-test-5.0.10.RELEASE.jar;C:\Users\user\.gradle\caches\modules-2\files-2.1\org.springframework.boot\spring-boot-autoconfigure\2.0.6.RELEASE\e8c88fd703dbdf79f94178a5018ad67d1ecb1d0d\spring-boot-autoconfigure-2.0.6.RELEASE.jar;C:\Users\user\.gradle\caches\modules-2\files-2.1\org.springframework.boot\spring-boot\2.0.6.RELEASE\4d214b08bbc74f03d404e8fc862102334e0f73d1\spring-boot-2.0.6.RELEASE.jar;C:\Users\user\.gradle\caches\modules-2\files-2.1\org.springframework\spring-context\5.0.10.RELEASE\6f53de0618219fefc2aebf92ba175e6b33e14ce0\spring-context-5.0.10.RELEASE.jar;C:\Users\user\.gradle\caches\modules-2\files-2.1\org.springframework\spring-expression\5.0.10.RELEASE\eaf8595e3bf18ef1aca1c233d9871552d258e38a\spring-expression-5.0.10.RELEASE.jar;C:\Users\user\.gradle\caches\modules-2\files-2.1\org.springframework\spring-aop\5.0.10.RELEASE\da65874f61aef9c25db794f493e50683346d3056\spring-aop-5.0.10.RELEASE.jar;C:\Users\user\.gradle\caches\modules-2\files-2.1\org.springframework\spring-beans\5.0.10.RELEASE\8ec7da928082a123c50d5d70cd4b46382db27e8b\spring-beans-5.0.10.RELEASE.jar;C:\Users\user\.gradle\caches\modules-2\files-2.1\org.springframework\spring-core\5.0.10.RELEASE\cb270a60ceb573961588f511222984de64b4bc96\spring-core-5.0.10.RELEASE.jar;C:\Users\user\.gradle\caches\modules-2\files-2.1\org.xmlunit\xmlunit-core\2.5.1\4ffdb346572a7356f7521cd3119ce5287d2e339d\xmlunit-core-2.5.1.jar;C:\Users\user\.gradle\caches\modules-2\files-2.1\org.springframework.boot\spring-boot-starter-logging\2.0.6.RELEASE\a730d62c8eb80cdc95e5089e47570d24731cf5dd\spring-boot-starter-logging-2.0.6.RELEASE.jar;C:\Users\user\.gradle\caches\modules-2\files-2.1\javax.annotation\javax.annotation-api\1.3.2\934c04d3cfef185a8008e7bf34331b79730a9d43\javax.annotation-api-1.3.2.jar;C:\Users\user\.gradle\caches\modules-2\files-2.1\org.yaml\snakeyaml\1.19\2d998d3d674b172a588e54ab619854d073f555b5\snakeyaml-1.19.jar;C:\Users\user\.gradle\caches\modules-2\files-2.1\com.fasterxml.jackson.datatype\jackson-datatype-jdk8\2.9.7\98d8f190db07f97c64c0ea3af5792f718a6c2cc1\jackson-datatype-jdk8-2.9.7.jar;C:\Users\user\.gradle\caches\modules-2\files-2.1\com.fasterxml.jackson.datatype\jackson-datatype-jsr310\2.9.7\cbd919f1ce67533e07b98dd493247e8dbabc26b2\jackson-datatype-jsr310-2.9.7.jar;C:\Users\user\.gradle\caches\modules-2\files-2.1\com.fasterxml.jackson.module\jackson-module-parameter-names\2.9.7\f2bdd7696beffa2dbc5dc62cd24c3906a40ffcff\jackson-module-parameter-names-2.9.7.jar;C:\Users\user\.gradle\caches\modules-2\files-2.1\com.fasterxml.jackson.core\jackson-databind\2.9.7\e6faad47abd3179666e89068485a1b88a195ceb7\jackson-databind-2.9.7.jar;C:\Users\user\.gradle\caches\modules-2\files-2.1\org.apache.tomcat.embed\tomcat-embed-websocket\8.5.34\5f86906367c2540b21e6aeecc277d2ce9ec939b0\tomcat-embed-websocket-8.5.34.jar;C:\Users\user\.gradle\caches\modules-2\files-2.1\org.apache.tomcat.embed\tomcat-embed-core\8.5.34\a038040d68a90397f95dd1e11b979fe364a5000f\tomcat-embed-core-8.5.34.jar;C:\Users\user\.gradle\caches\modules-2\files-2.1\org.apache.tomcat.embed\tomcat-embed-el\8.5.34\be71a9a5bdd001db7cf97c47429eec0bdd3b7b88\tomcat-embed-el-8.5.34.jar;C:\Users\user\.gradle\caches\modules-2\files-2.1\javax.validation\validation-api\2.0.1.Final\cb855558e6271b1b32e716d24cb85c7f583ce09e\validation-api-2.0.1.Final.jar;C:\Users\user\.gradle\caches\modules-2\files-2.1\org.jboss.logging\jboss-logging\3.3.2.Final\3789d00e859632e6c6206adc0c71625559e6e3b0\jboss-logging-3.3.2.Final.jar;C:\Users\user\.gradle\caches\modules-2\files-2.1\com.fasterxml\classmate\1.3.4\3d5f48f10bbe4eb7bd862f10c0583be2e0053c6\classmate-1.3.4.jar;C:\Users\user\.gradle\caches\modules-2\files-2.1\net.minidev\json-smart\2.3\7396407491352ce4fa30de92efb158adb76b5b\json-smart-2.3.jar;C:\Users\user\.gradle\caches\modules-2\files-2.1\ch.qos.logback\logback-classic\1.2.3\7c4f3c474fb2c041d8028740440937705ebb473a\logback-classic-1.2.3.jar;C:\Users\user\.gradle\caches\modules-2\files-2.1\org.apache.logging.log4j\log4j-to-slf4j\2.10.0\f7e631ccf49cfc0aefa4a2a728da7d374c05bd3c\log4j-to-slf4j-2.10.0.jar;C:\Users\user\.gradle\caches\modules-2\files-2.1\org.slf4j\jul-to-slf4j\1.7.25\af5364cd6679bfffb114f0dec8a157aaa283b76\jul-to-slf4j-1.7.25.jar;C:\Users\user\.gradle\caches\modules-2\files-2.1\org.slf4j\slf4j-api\1.7.25\da76ca59f6a57ee3102f8f9bd9cee742973efa8a\slf4j-api-1.7.25.jar;C:\Users\user\.gradle\caches\modules-2\files-2.1\net.bytebuddy\byte-buddy\1.7.11\f02857a4e2c66ccbe7aaad6100a0a6c461bce9b3\byte-buddy-1.7.11.jar;C:\Users\user\.gradle\caches\modules-2\files-2.1\net.bytebuddy\byte-buddy-agent\1.7.11\b425a8933ca07edd03c6dbc8bc3b595fba9780de\byte-buddy-agent-1.7.11.jar;C:\Users\user\.gradle\caches\modules-2\files-2.1\org.objenesis\objenesis\2.6\639033469776fd37c08358c6b92a4761feb2af4b\objenesis-2.6.jar;C:\Users\user\.gradle\caches\modules-2\files-2.1\com.vaadin.external.google\android-json\0.0.20131108.vaadin1\fa26d351fe62a6a17f5cda1287c1c6110dec413f\android-json-0.0.20131108.vaadin1.jar;C:\Users\user\.gradle\caches\modules-2\files-2.1\org.springframework\spring-jcl\5.0.10.RELEASE\8d6a766be91ae5613f2828eb9f77739a47ceb357\spring-jcl-5.0.10.RELEASE.jar;C:\Users\user\.gradle\caches\modules-2\files-2.1\com.fasterxml.jackson.core\jackson-annotations\2.9.0\7c10d545325e3a6e72e06381afe469fd40eb701\jackson-annotations-2.9.0.jar;C:\Users\user\.gradle\caches\modules-2\files-2.1\com.fasterxml.jackson.core\jackson-core\2.9.7\4b7f0e0dc527fab032e9800ed231080fdc3ac015\jackson-core-2.9.7.jar;C:\Users\user\.gradle\caches\modules-2\files-2.1\net.minidev\accessors-smart\1.2\c592b500269bfde36096641b01238a8350f8aa31\accessors-smart-1.2.jar;C:\Users\user\.gradle\caches\modules-2\files-2.1\ch.qos.logback\logback-core\1.2.3\864344400c3d4d92dfeb0a305dc87d953677c03c\logback-core-1.2.3.jar;C:\Users\user\.gradle\caches\modules-2\files-2.1\org.apache.logging.log4j\log4j-api\2.10.0\fec5797a55b786184a537abd39c3fa1449d752d6\log4j-api-2.10.0.jar;C:\Users\user\.gradle\caches\modules-2\files-2.1\org.ow2.asm\asm\5.0.4\da08b8cce7bbf903602a25a3a163ae252435795\asm-5.0.4.jar, user.name=user, java.vm.specification.version=1.8, sun.java.command=worker.org.gradle.process.internal.worker.GradleWorkerMain 'Gradle Test Executor 1', java.home=C:\Program Files\Java\jdk1.8.0_201\jre, sun.arch.data.model=64, user.language=ko, java.specification.vendor=Oracle Corporation, awt.toolkit=sun.awt.windows.WToolkit, java.vm.info=mixed mode, java.version=1.8.0_201, java.ext.dirs=C:\Program Files\Java\jdk1.8.0_201\jre\lib\ext;C:\Windows\Sun\Java\lib\ext, sun.boot.class.path=C:\Program Files\Java\jdk1.8.0_201\jre\lib\resources.jar;C:\Program Files\Java\jdk1.8.0_201\jre\lib\rt.jar;C:\Program Files\Java\jdk1.8.0_201\jre\lib\sunrsasign.jar;C:\Program Files\Java\jdk1.8.0_201\jre\lib\jsse.jar;C:\Program Files\Java\jdk1.8.0_201\jre\lib\jce.jar;C:\Program Files\Java\jdk1.8.0_201\jre\lib\charsets.jar;C:\Program Files\Java\jdk1.8.0_201\jre\lib\jfr.jar;C:\Program Files\Java\jdk1.8.0_201\jre\classes, java.vendor=Oracle Corporation, org.gradle.test.worker=1, file.separator=\, java.vendor.url.bug=http://bugreport.sun.com/bugreport/, sun.io.unicode.encoding=UnicodeLittle, sun.cpu.endian=little, sun.desktop=windows, sun.cpu.isalist=amd64}}, SystemEnvironmentPropertySource@1798426851 {name='systemEnvironment', properties={USERDOMAIN_ROAMINGPROFILE=DESKTOP-S8RAEA7, LOCALAPPDATA=C:\Users\user\AppData\Local, NVM_SYMLINK=C:\Program Files\nodejs, PROCESSOR_LEVEL=23, IntelliJ IDEA=C:\Program Files\JetBrains\IntelliJ IDEA 2018.3.4\bin;, USERDOMAIN=DESKTOP-S8RAEA7, FPS_BROWSER_APP_PROFILE_STRING=Internet Explorer, LOGONSERVER=\\DESKTOP-S8RAEA7, JAVA_HOME=C:\Program Files\Java\jdk1.8.0_201, SESSIONNAME=Console, ALLUSERSPROFILE=C:\ProgramData, PROCESSOR_ARCHITECTURE=AMD64, PSModulePath=C:\Program Files\WindowsPowerShell\Modules;C:\Windows\system32\WindowsPowerShell\v1.0\Modules, SystemDrive=C:, OneDrive=C:\Users\user\OneDrive, APPDATA=C:\Users\user\AppData\Roaming, USERNAME=user, ProgramFiles(x86)=C:\Program Files (x86), CommonProgramFiles=C:\Program Files\Common Files, Path=C:/Program Files/Java/jre1.8.0_201/bin/server;C:/Program Files/Java/jre1.8.0_201/bin;C:/Program Files/Java/jre1.8.0_201/lib/amd64;C:\Program Files\VanDyke Software\Clients\;C:\Program Files (x86)\Common Files\Oracle\Java\javapath;C:\Windows\system32;C:\Windows;C:\Windows\System32\Wbem;C:\Windows\System32\WindowsPowerShell\v1.0\;C:\Windows\System32\OpenSSH\;C:\Program Files (x86)\NVIDIA Corporation\PhysX\Common;C:\Program Files\NVIDIA Corporation\NVIDIA NvDLISR;C:\Program Files\PuTTY\;C:\Users\user\AppData\Roaming\nvm;C:\Program Files\nodejs;C:\Program Files\nodejs\;C:\Program Files\Cloud Foundry;C:\Users\user\AppData\Local\Microsoft\WindowsApps;C:\Program Files\Java\jdk1.8.0_201\bin;D:\program\gradle\bin;C:\Program Files\JetBrains\IntelliJ IDEA 2018.3.4\bin;C:\Users\user\AppData\Local\Programs\Fiddler;C:\Users\user\AppData\Roaming\nvm;C:\Program Files\nodejs;C:\Users\user\AppData\Roaming\npm;C:\Users\user\AppData\Local\Programs\Microsoft VS Code\bin;C:\Users\user\eclipse\jee-2018-12\eclipse;, FPS_BROWSER_USER_PROFILE_STRING=Default, PATHEXT=.COM;.EXE;.BAT;.CMD;.VBS;.VBE;.JS;.JSE;.WSF;.WSH;.MSC, DriverData=C:\Windows\System32\Drivers\DriverData, OS=Windows_NT, COMPUTERNAME=DESKTOP-S8RAEA7, NVM_HOME=C:\Users\user\AppData\Roaming\nvm, PROCESSOR_REVISION=0802, CLASSPATH=C:\Program Files\Java\jdk1.8.0_201\lib, CommonProgramW6432=C:\Program Files\Common Files, ComSpec=C:\Windows\system32\cmd.exe, ProgramData=C:\ProgramData, ProgramW6432=C:\Program Files, =D:=D:\, HOMEPATH=\Users\user, SystemRoot=C:\Windows, TEMP=C:\Users\user\AppData\Local\Temp, HOMEDRIVE=C:, PROCESSOR_IDENTIFIER=AMD64 Family 23 Model 8 Stepping 2, AuthenticAMD, USERPROFILE=C:\Users\user, TMP=C:\Users\user\AppData\Local\Temp, CommonProgramFiles(x86)=C:\Program Files (x86)\Common Files, ProgramFiles=C:\Program Files, PUBLIC=C:\Users\Public, NUMBER_OF_PROCESSORS=16, windir=C:\Windows, =::=::\}}]
16:50:36.844 [Test worker] DEBUG org.springframework.core.io.support.PathMatchingResourcePatternResolver - Resolved classpath location [com/symverse/sct20tokensend/transaction/service/] to resources [URL [file:/D:/workspace/ca_web_coupon_api/sct20SampleProject/build/classes/java/test/com/symverse/sct20tokensend/transaction/service/]]
16:50:36.845 [Test worker] DEBUG org.springframework.core.io.support.PathMatchingResourcePatternResolver - Looking for matching resources in directory tree [D:\workspace\ca_web_coupon_api\sct20SampleProject\build\classes\java\test\com\symverse\sct20tokensend\transaction\service]
16:50:36.845 [Test worker] DEBUG org.springframework.core.io.support.PathMatchingResourcePatternResolver - Searching directory [D:\workspace\ca_web_coupon_api\sct20SampleProject\build\classes\java\test\com\symverse\sct20tokensend\transaction\service] for files matching pattern [D:/workspace/ca_web_coupon_api/sct20SampleProject/build/classes/java/test/com/symverse/sct20tokensend/transaction/service/*.class]
16:50:36.848 [Test worker] DEBUG org.springframework.core.io.support.PathMatchingResourcePatternResolver - Resolved location pattern [classpath*:com/symverse/sct20tokensend/transaction/service/*.class] to resources [file [D:\workspace\ca_web_coupon_api\sct20SampleProject\build\classes\java\test\com\symverse\sct20tokensend\transaction\service\Sct20RawTransactionEncoderTest.class], file [D:\workspace\ca_web_coupon_api\sct20SampleProject\build\classes\java\test\com\symverse\sct20tokensend\transaction\service\Sct20SendRawTransactionServiceTest.class]]
16:50:36.865 [Test worker] DEBUG org.springframework.core.io.support.PathMatchingResourcePatternResolver - Resolved classpath location [com/symverse/sct20tokensend/transaction/] to resources [URL [file:/D:/workspace/ca_web_coupon_api/sct20SampleProject/build/classes/java/test/com/symverse/sct20tokensend/transaction/]]
16:50:36.866 [Test worker] DEBUG org.springframework.core.io.support.PathMatchingResourcePatternResolver - Looking for matching resources in directory tree [D:\workspace\ca_web_coupon_api\sct20SampleProject\build\classes\java\test\com\symverse\sct20tokensend\transaction]
16:50:36.866 [Test worker] DEBUG org.springframework.core.io.support.PathMatchingResourcePatternResolver - Searching directory [D:\workspace\ca_web_coupon_api\sct20SampleProject\build\classes\java\test\com\symverse\sct20tokensend\transaction] for files matching pattern [D:/workspace/ca_web_coupon_api/sct20SampleProject/build/classes/java/test/com/symverse/sct20tokensend/transaction/*.class]
16:50:36.866 [Test worker] DEBUG org.springframework.core.io.support.PathMatchingResourcePatternResolver - Resolved location pattern [classpath*:com/symverse/sct20tokensend/transaction/*.class] to resources []
16:50:36.867 [Test worker] DEBUG org.springframework.core.io.support.PathMatchingResourcePatternResolver - Resolved classpath location [com/symverse/sct20tokensend/] to resources [URL [file:/D:/workspace/ca_web_coupon_api/sct20SampleProject/build/classes/java/test/com/symverse/sct20tokensend/]]
16:50:36.867 [Test worker] DEBUG org.springframework.core.io.support.PathMatchingResourcePatternResolver - Looking for matching resources in directory tree [D:\workspace\ca_web_coupon_api\sct20SampleProject\build\classes\java\test\com\symverse\sct20tokensend]
16:50:36.867 [Test worker] DEBUG org.springframework.core.io.support.PathMatchingResourcePatternResolver - Searching directory [D:\workspace\ca_web_coupon_api\sct20SampleProject\build\classes\java\test\com\symverse\sct20tokensend] for files matching pattern [D:/workspace/ca_web_coupon_api/sct20SampleProject/build/classes/java/test/com/symverse/sct20tokensend/*.class]
16:50:36.867 [Test worker] DEBUG org.springframework.core.io.support.PathMatchingResourcePatternResolver - Resolved location pattern [classpath*:com/symverse/sct20tokensend/*.class] to resources []
16:50:36.868 [Test worker] DEBUG org.springframework.core.io.support.PathMatchingResourcePatternResolver - Resolved classpath location [com/symverse/] to resources [URL [file:/D:/workspace/ca_web_coupon_api/sct20SampleProject/build/classes/java/test/com/symverse/], URL [file:/D:/workspace/ca_web_coupon_api/sct20SampleProject/build/classes/java/main/com/symverse/]]
16:50:36.868 [Test worker] DEBUG org.springframework.core.io.support.PathMatchingResourcePatternResolver - Looking for matching resources in directory tree [D:\workspace\ca_web_coupon_api\sct20SampleProject\build\classes\java\test\com\symverse]
16:50:36.868 [Test worker] DEBUG org.springframework.core.io.support.PathMatchingResourcePatternResolver - Searching directory [D:\workspace\ca_web_coupon_api\sct20SampleProject\build\classes\java\test\com\symverse] for files matching pattern [D:/workspace/ca_web_coupon_api/sct20SampleProject/build/classes/java/test/com/symverse/*.class]
16:50:36.868 [Test worker] DEBUG org.springframework.core.io.support.PathMatchingResourcePatternResolver - Looking for matching resources in directory tree [D:\workspace\ca_web_coupon_api\sct20SampleProject\build\classes\java\main\com\symverse]
16:50:36.869 [Test worker] DEBUG org.springframework.core.io.support.PathMatchingResourcePatternResolver - Searching directory [D:\workspace\ca_web_coupon_api\sct20SampleProject\build\classes\java\main\com\symverse] for files matching pattern [D:/workspace/ca_web_coupon_api/sct20SampleProject/build/classes/java/main/com/symverse/*.class]
16:50:36.869 [Test worker] DEBUG org.springframework.core.io.support.PathMatchingResourcePatternResolver - Resolved location pattern [classpath*:com/symverse/*.class] to resources [file [D:\workspace\ca_web_coupon_api\sct20SampleProject\build\classes\java\main\com\symverse\ServletInitializer.class], file [D:\workspace\ca_web_coupon_api\sct20SampleProject\build\classes\java\main\com\symverse\SymverseApplication.class]]
16:50:36.891 [Test worker] DEBUG org.springframework.context.annotation.ClassPathScanningCandidateComponentProvider - Identified candidate component class: file [D:\workspace\ca_web_coupon_api\sct20SampleProject\build\classes\java\main\com\symverse\SymverseApplication.class]
16:50:36.892 [Test worker] INFO org.springframework.boot.test.context.SpringBootTestContextBootstrapper - Found @SpringBootConfiguration com.symverse.SymverseApplication for test class com.symverse.sct20tokensend.transaction.service.Sct20SendRawTransactionServiceTest
16:50:37.000 [Test worker] DEBUG org.springframework.boot.test.context.SpringBootTestContextBootstrapper - @TestExecutionListeners is not present for class [com.symverse.sct20tokensend.transaction.service.Sct20SendRawTransactionServiceTest]: using defaults.
16:50:37.001 [Test worker] INFO org.springframework.boot.test.context.SpringBootTestContextBootstrapper - Loaded default TestExecutionListener class names from location [META-INF/spring.factories]: [org.springframework.boot.test.autoconfigure.restdocs.RestDocsTestExecutionListener, org.springframework.boot.test.autoconfigure.web.client.MockRestServiceServerResetTestExecutionListener, org.springframework.boot.test.autoconfigure.web.servlet.MockMvcPrintOnlyOnFailureTestExecutionListener, org.springframework.boot.test.autoconfigure.web.servlet.WebDriverTestExecutionListener, org.springframework.boot.test.mock.mockito.MockitoTestExecutionListener, org.springframework.boot.test.mock.mockito.ResetMocksTestExecutionListener, org.springframework.test.context.web.ServletTestExecutionListener, org.springframework.test.context.support.DirtiesContextBeforeModesTestExecutionListener, org.springframework.test.context.support.DependencyInjectionTestExecutionListener, org.springframework.test.context.support.DirtiesContextTestExecutionListener, org.springframework.test.context.transaction.TransactionalTestExecutionListener, org.springframework.test.context.jdbc.SqlScriptsTestExecutionListener]
16:50:37.011 [Test worker] DEBUG org.springframework.boot.test.context.SpringBootTestContextBootstrapper - Skipping candidate TestExecutionListener [org.springframework.test.context.transaction.TransactionalTestExecutionListener] due to a missing dependency. Specify custom listener classes or make the default listener classes and their required dependencies available. Offending class: [org/springframework/transaction/interceptor/TransactionAttributeSource]
16:50:37.012 [Test worker] DEBUG org.springframework.boot.test.context.SpringBootTestContextBootstrapper - Skipping candidate TestExecutionListener [org.springframework.test.context.jdbc.SqlScriptsTestExecutionListener] due to a missing dependency. Specify custom listener classes or make the default listener classes and their required dependencies available. Offending class: [org/springframework/transaction/interceptor/TransactionAttribute]
16:50:37.012 [Test worker] INFO org.springframework.boot.test.context.SpringBootTestContextBootstrapper - Using TestExecutionListeners: [org.springframework.test.context.web.ServletTestExecutionListener@70a9de82, org.springframework.test.context.support.DirtiesContextBeforeModesTestExecutionListener@6c616034, org.springframework.boot.test.mock.mockito.MockitoTestExecutionListener@6265090d, org.springframework.boot.test.autoconfigure.SpringBootDependencyInjectionTestExecutionListener@1b55ce4e, org.springframework.test.context.support.DirtiesContextTestExecutionListener@25365e68, org.springframework.boot.test.autoconfigure.restdocs.RestDocsTestExecutionListener@42b1fa3a, org.springframework.boot.test.autoconfigure.web.client.MockRestServiceServerResetTestExecutionListener@8d6ae00, org.springframework.boot.test.autoconfigure.web.servlet.MockMvcPrintOnlyOnFailureTestExecutionListener@3d4426ea, org.springframework.boot.test.autoconfigure.web.servlet.WebDriverTestExecutionListener@2a16fa34, org.springframework.boot.test.mock.mockito.ResetMocksTestExecutionListener@673ba566]
16:50:37.015 [Test worker] DEBUG org.springframework.test.annotation.ProfileValueUtils - Retrieved @ProfileValueSourceConfiguration [null] for test class [com.symverse.sct20tokensend.transaction.service.Sct20SendRawTransactionServiceTest]
16:50:37.016 [Test worker] DEBUG org.springframework.test.annotation.ProfileValueUtils - Retrieved ProfileValueSource type [class org.springframework.test.annotation.SystemProfileValueSource] for class [com.symverse.sct20tokensend.transaction.service.Sct20SendRawTransactionServiceTest]
16:50:37.016 [Test worker] DEBUG org.springframework.test.annotation.ProfileValueUtils - Retrieved @ProfileValueSourceConfiguration [null] for test class [com.symverse.sct20tokensend.transaction.service.Sct20SendRawTransactionServiceTest]
16:50:37.016 [Test worker] DEBUG org.springframework.test.annotation.ProfileValueUtils - Retrieved ProfileValueSource type [class org.springframework.test.annotation.SystemProfileValueSource] for class [com.symverse.sct20tokensend.transaction.service.Sct20SendRawTransactionServiceTest]
16:50:37.021 [Test worker] DEBUG org.springframework.test.context.support.AbstractDirtiesContextTestExecutionListener - Before test class: context [DefaultTestContext@3856501e testClass = Sct20SendRawTransactionServiceTest, testInstance = [null], testMethod = [null], testException = [null], mergedContextConfiguration = [WebMergedContextConfiguration@7d84f94d testClass = Sct20SendRawTransactionServiceTest, locations = '{}', classes = '{class com.symverse.SymverseApplication}', contextInitializerClasses = '[]', activeProfiles = '{}', propertySourceLocations = '{}', propertySourceProperties = '{org.springframework.boot.test.context.SpringBootTestContextBootstrapper=true}', contextCustomizers = set[org.springframework.boot.test.autoconfigure.properties.PropertyMappingContextCustomizer@0, org.springframework.boot.test.autoconfigure.web.servlet.WebDriverContextCustomizerFactory$Customizer@32112a4f, org.springframework.boot.test.context.filter.ExcludeFilterContextCustomizer@6346f9e1, org.springframework.boot.test.json.DuplicateJsonObjectContextCustomizerFactory$DuplicateJsonObjectContextCustomizer@caa88ce, org.springframework.boot.test.mock.mockito.MockitoContextCustomizer@0, org.springframework.boot.test.web.client.TestRestTemplateContextCustomizer@1b708976], resourceBasePath = 'src/main/webapp', contextLoader = 'org.springframework.boot.test.context.SpringBootContextLoader', parent = [null]], attributes = map['org.springframework.test.context.web.ServletTestExecutionListener.activateListener' -> true]], class annotated with @DirtiesContext [false] with mode [null].
16:50:37.021 [Test worker] DEBUG org.springframework.test.annotation.ProfileValueUtils - Retrieved @ProfileValueSourceConfiguration [null] for test class [com.symverse.sct20tokensend.transaction.service.Sct20SendRawTransactionServiceTest]
16:50:37.021 [Test worker] DEBUG org.springframework.test.annotation.ProfileValueUtils - Retrieved ProfileValueSource type [class org.springframework.test.annotation.SystemProfileValueSource] for class [com.symverse.sct20tokensend.transaction.service.Sct20SendRawTransactionServiceTest]
16:50:37.039 [Test worker] DEBUG org.springframework.core.env.StandardEnvironment - Adding PropertySource 'systemProperties' with lowest search precedence
16:50:37.039 [Test worker] DEBUG org.springframework.core.env.StandardEnvironment - Adding PropertySource 'systemEnvironment' with lowest search precedence
16:50:37.040 [Test worker] DEBUG org.springframework.core.env.StandardEnvironment - Initialized StandardEnvironment with PropertySources [MapPropertySource@698663266 {name='systemProperties', properties={java.runtime.name=Java(TM) SE Runtime Environment, sun.boot.library.path=C:\Program Files\Java\jdk1.8.0_201\jre\bin, java.vm.version=25.201-b09, java.vm.vendor=Oracle Corporation, java.vendor.url=http://java.oracle.com/, java.rmi.server.randomIDs=true, path.separator=;, java.vm.name=Java HotSpot(TM) 64-Bit Server VM, file.encoding.pkg=sun.io, user.script=, sun.java.launcher=SUN_STANDARD, user.country=KR, sun.os.patch.level=, java.vm.specification.name=Java Virtual Machine Specification, user.dir=D:\workspace\ca_web_coupon_api\sct20SampleProject, java.runtime.version=1.8.0_201-b09, java.awt.graphicsenv=sun.awt.Win32GraphicsEnvironment, java.endorsed.dirs=C:\Program Files\Java\jdk1.8.0_201\jre\lib\endorsed, os.arch=amd64, java.io.tmpdir=C:\Users\user\AppData\Local\Temp\, line.separator=
, java.vm.specification.vendor=Oracle Corporation, user.variant=, os.name=Windows 10, sun.jnu.encoding=MS949, java.library.path=C:\Program Files\Java\jdk1.8.0_201\bin;C:\Windows\Sun\Java\bin;C:\Windows\system32;C:\Windows;C:/Program Files/Java/jre1.8.0_201/bin/server;C:/Program Files/Java/jre1.8.0_201/bin;C:/Program Files/Java/jre1.8.0_201/lib/amd64;C:\Program Files\VanDyke Software\Clients\;C:\Program Files (x86)\Common Files\Oracle\Java\javapath;C:\Windows\system32;C:\Windows;C:\Windows\System32\Wbem;C:\Windows\System32\WindowsPowerShell\v1.0\;C:\Windows\System32\OpenSSH\;C:\Program Files (x86)\NVIDIA Corporation\PhysX\Common;C:\Program Files\NVIDIA Corporation\NVIDIA NvDLISR;C:\Program Files\PuTTY\;C:\Users\user\AppData\Roaming\nvm;C:\Program Files\nodejs;C:\Program Files\nodejs\;C:\Program Files\Cloud Foundry;C:\Users\user\AppData\Local\Microsoft\WindowsApps;C:\Program Files\Java\jdk1.8.0_201\bin;D:\program\gradle\bin;C:\Program Files\JetBrains\IntelliJ IDEA 2018.3.4\bin;C:\Users\user\AppData\Local\Programs\Fiddler;C:\Users\user\AppData\Roaming\nvm;C:\Program Files\nodejs;C:\Users\user\AppData\Roaming\npm;C:\Users\user\AppData\Local\Programs\Microsoft VS Code\bin;C:\Users\user\eclipse\jee-2018-12\eclipse;;., java.specification.name=Java Platform API Specification, java.class.version=52.0, org.gradle.native=false, sun.management.compiler=HotSpot 64-Bit Tiered Compilers, os.version=10.0, user.home=C:\Users\user, user.timezone=Asia/Seoul, java.awt.printerjob=sun.awt.windows.WPrinterJob, file.encoding=x-windows-949, java.specification.version=1.8, java.class.path=D:\workspace\ca_web_coupon_api\sct20SampleProject\build\classes\java\test;D:\workspace\ca_web_coupon_api\sct20SampleProject\build\resources\test;D:\workspace\ca_web_coupon_api\sct20SampleProject\build\classes\java\main;D:\workspace\ca_web_coupon_api\sct20SampleProject\build\resources\main;D:\workspace\ca_web_coupon_api\sct20SampleProject\libs\SymWeb3j\core-4.1.0.jar;D:\workspace\ca_web_coupon_api\sct20SampleProject\libs\SymWeb3j\crypto-4.1.0.jar;D:\workspace\ca_web_coupon_api\sct20SampleProject\libs\SymWeb3j\rlp-4.1.0.jar;D:\workspace\ca_web_coupon_api\sct20SampleProject\libs\SymWeb3j\utils-4.1.0.jar;C:\Users\user\.gradle\caches\modules-2\files-2.1\org.apache.commons\commons-math3\3.6.1\e4ba98f1d4b3c80ec46392f25e094a6a2e58fcbf\commons-math3-3.6.1.jar;C:\Users\user\.gradle\caches\modules-2\files-2.1\org.springframework.boot\spring-boot-starter-web\2.0.6.RELEASE\e803fc341b450b2ce01734df12e5881b8e78c0a7\spring-boot-starter-web-2.0.6.RELEASE.jar;C:\Users\user\.gradle\caches\modules-2\files-2.1\org.bouncycastle\bcprov-jdk15on\1.54\1acdedeb89f1d950d67b73d481eb7736df65eedb\bcprov-jdk15on-1.54.jar;C:\Users\user\.gradle\caches\modules-2\files-2.1\com.google.code.gson\gson\2.8.5\f645ed69d595b24d4cf8b3fbb64cc505bede8829\gson-2.8.5.jar;C:\Users\user\.gradle\caches\modules-2\files-2.1\org.mariadb.jdbc\mariadb-java-client\2.2.5\3d1406a8ed02ca69cc389ae715cee8913871a81e\mariadb-java-client-2.2.5.jar;C:\Users\user\.gradle\caches\modules-2\files-2.1\org.projectlombok\lombok\1.16.18\557d13dcb647038dc687390711ccb5c9b3ffbd60\lombok-1.16.18.jar;C:\Users\user\.gradle\caches\modules-2\files-2.1\io.reactivex.rxjava2\rxjava\2.2.2\db2277cb0641bd8bd2f491fab555d37345351d6\rxjava-2.2.2.jar;C:\Users\user\.gradle\caches\modules-2\files-2.1\com.squareup.okhttp3\logging-interceptor\3.8.0\f765f004f3e201bd6ad0904266e605d7fb776d5\logging-interceptor-3.8.0.jar;C:\Users\user\.gradle\caches\modules-2\files-2.1\com.squareup.okhttp3\okhttp\3.8.0\5a11f020cce2d11eb71ba916700600e18c4547e7\okhttp-3.8.0.jar;C:\Users\user\.gradle\caches\modules-2\files-2.1\com.google.guava\guava\23.0\c947004bb13d18182be60077ade044099e4f26f1\guava-23.0.jar;C:\Users\user\.gradle\caches\modules-2\files-2.1\org.springframework.boot\spring-boot-starter-test\2.0.6.RELEASE\f92fd015cfc9a9bd6ae653dca8d4ec5b83d4ba00\spring-boot-starter-test-2.0.6.RELEASE.jar;C:\Users\user\.gradle\caches\modules-2\files-2.1\junit\junit\4.12\2973d150c0dc1fefe998f834810d68f278ea58ec\junit-4.12.jar;C:\Users\user\.gradle\caches\modules-2\files-2.1\org.springframework.boot\spring-boot-starter-json\2.0.6.RELEASE\1b3912af3eecdbbc6cda497acc7939f2ce21e39d\spring-boot-starter-json-2.0.6.RELEASE.jar;C:\Users\user\.gradle\caches\modules-2\files-2.1\org.springframework.boot\spring-boot-starter\2.0.6.RELEASE\9d904a4387e076343a3478c32198ec7d9d633ff4\spring-boot-starter-2.0.6.RELEASE.jar;C:\Users\user\.gradle\caches\modules-2\files-2.1\org.springframework.boot\spring-boot-starter-tomcat\2.0.6.RELEASE\64b22bc3d0ba734532e7cbe941354985f2a86242\spring-boot-starter-tomcat-2.0.6.RELEASE.jar;C:\Users\user\.gradle\caches\modules-2\files-2.1\org.hibernate.validator\hibernate-validator\6.0.13.Final\af4232bf90ecd33c71147d67185dbb1cfe8f33df\hibernate-validator-6.0.13.Final.jar;C:\Users\user\.gradle\caches\modules-2\files-2.1\org.springframework\spring-webmvc\5.0.10.RELEASE\88a601321e2b4e3b84eed0909c24b9dd8e453b5f\spring-webmvc-5.0.10.RELEASE.jar;C:\Users\user\.gradle\caches\modules-2\files-2.1\org.springframework\spring-web\5.0.10.RELEASE\fbaaa53ec99f45fd7aaf9125beeb5c3388cce088\spring-web-5.0.10.RELEASE.jar;C:\Users\user\.gradle\caches\modules-2\files-2.1\org.reactivestreams\reactive-streams\1.0.2\323964c36556eb0e6209f65c1cef72b53b461ab8\reactive-streams-1.0.2.jar;C:\Users\user\.gradle\caches\modules-2\files-2.1\com.squareup.okio\okio\1.13.0\a9283170b7305c8d92d25aff02a6ab7e45d06cbe\okio-1.13.0.jar;C:\Users\user\.gradle\caches\modules-2\files-2.1\com.google.code.findbugs\jsr305\1.3.9\40719ea6961c0cb6afaeb6a921eaa1f6afd4cfdf\jsr305-1.3.9.jar;C:\Users\user\.gradle\caches\modules-2\files-2.1\com.google.errorprone\error_prone_annotations\2.0.18\5f65affce1684999e2f4024983835efc3504012e\error_prone_annotations-2.0.18.jar;C:\Users\user\.gradle\caches\modules-2\files-2.1\com.google.j2objc\j2objc-annotations\1.1\ed28ded51a8b1c6b112568def5f4b455e6809019\j2objc-annotations-1.1.jar;C:\Users\user\.gradle\caches\modules-2\files-2.1\org.codehaus.mojo\animal-sniffer-annotations\1.14\775b7e22fb10026eed3f86e8dc556dfafe35f2d5\animal-sniffer-annotations-1.14.jar;C:\Users\user\.gradle\caches\modules-2\files-2.1\org.springframework.boot\spring-boot-test-autoconfigure\2.0.6.RELEASE\b0eb15474e795850dfa59b01ee6a83d7a39e3645\spring-boot-test-autoconfigure-2.0.6.RELEASE.jar;C:\Users\user\.gradle\caches\modules-2\files-2.1\org.springframework.boot\spring-boot-test\2.0.6.RELEASE\33a53ca6d55f35b3a89320c260262a5310ba8afc\spring-boot-test-2.0.6.RELEASE.jar;C:\Users\user\.gradle\caches\modules-2\files-2.1\com.jayway.jsonpath\json-path\2.4.0\765a4401ceb2dc8d40553c2075eb80a8fa35c2ae\json-path-2.4.0.jar;C:\Users\user\.gradle\caches\modules-2\files-2.1\org.assertj\assertj-core\3.9.1\c5ce126b15f28d56cd8f960c1a6a058b9c9aea87\assertj-core-3.9.1.jar;C:\Users\user\.gradle\caches\modules-2\files-2.1\org.mockito\mockito-core\2.15.0\b84bfbbc29cd22c9529409627af6ea2897f4fa85\mockito-core-2.15.0.jar;C:\Users\user\.gradle\caches\modules-2\files-2.1\org.hamcrest\hamcrest-library\1.3\4785a3c21320980282f9f33d0d1264a69040538f\hamcrest-library-1.3.jar;C:\Users\user\.gradle\caches\modules-2\files-2.1\org.hamcrest\hamcrest-core\1.3\42a25dc3219429f0e5d060061f71acb49bf010a0\hamcrest-core-1.3.jar;C:\Users\user\.gradle\caches\modules-2\files-2.1\org.skyscreamer\jsonassert\1.5.0\6c9d5fe2f59da598d9aefc1cfc6528ff3cf32df3\jsonassert-1.5.0.jar;C:\Users\user\.gradle\caches\modules-2\files-2.1\org.springframework\spring-test\5.0.10.RELEASE\1d2d272073f36c689c693ec3ec94d7ad7e136a2e\spring-test-5.0.10.RELEASE.jar;C:\Users\user\.gradle\caches\modules-2\files-2.1\org.springframework.boot\spring-boot-autoconfigure\2.0.6.RELEASE\e8c88fd703dbdf79f94178a5018ad67d1ecb1d0d\spring-boot-autoconfigure-2.0.6.RELEASE.jar;C:\Users\user\.gradle\caches\modules-2\files-2.1\org.springframework.boot\spring-boot\2.0.6.RELEASE\4d214b08bbc74f03d404e8fc862102334e0f73d1\spring-boot-2.0.6.RELEASE.jar;C:\Users\user\.gradle\caches\modules-2\files-2.1\org.springframework\spring-context\5.0.10.RELEASE\6f53de0618219fefc2aebf92ba175e6b33e14ce0\spring-context-5.0.10.RELEASE.jar;C:\Users\user\.gradle\caches\modules-2\files-2.1\org.springframework\spring-expression\5.0.10.RELEASE\eaf8595e3bf18ef1aca1c233d9871552d258e38a\spring-expression-5.0.10.RELEASE.jar;C:\Users\user\.gradle\caches\modules-2\files-2.1\org.springframework\spring-aop\5.0.10.RELEASE\da65874f61aef9c25db794f493e50683346d3056\spring-aop-5.0.10.RELEASE.jar;C:\Users\user\.gradle\caches\modules-2\files-2.1\org.springframework\spring-beans\5.0.10.RELEASE\8ec7da928082a123c50d5d70cd4b46382db27e8b\spring-beans-5.0.10.RELEASE.jar;C:\Users\user\.gradle\caches\modules-2\files-2.1\org.springframework\spring-core\5.0.10.RELEASE\cb270a60ceb573961588f511222984de64b4bc96\spring-core-5.0.10.RELEASE.jar;C:\Users\user\.gradle\caches\modules-2\files-2.1\org.xmlunit\xmlunit-core\2.5.1\4ffdb346572a7356f7521cd3119ce5287d2e339d\xmlunit-core-2.5.1.jar;C:\Users\user\.gradle\caches\modules-2\files-2.1\org.springframework.boot\spring-boot-starter-logging\2.0.6.RELEASE\a730d62c8eb80cdc95e5089e47570d24731cf5dd\spring-boot-starter-logging-2.0.6.RELEASE.jar;C:\Users\user\.gradle\caches\modules-2\files-2.1\javax.annotation\javax.annotation-api\1.3.2\934c04d3cfef185a8008e7bf34331b79730a9d43\javax.annotation-api-1.3.2.jar;C:\Users\user\.gradle\caches\modules-2\files-2.1\org.yaml\snakeyaml\1.19\2d998d3d674b172a588e54ab619854d073f555b5\snakeyaml-1.19.jar;C:\Users\user\.gradle\caches\modules-2\files-2.1\com.fasterxml.jackson.datatype\jackson-datatype-jdk8\2.9.7\98d8f190db07f97c64c0ea3af5792f718a6c2cc1\jackson-datatype-jdk8-2.9.7.jar;C:\Users\user\.gradle\caches\modules-2\files-2.1\com.fasterxml.jackson.datatype\jackson-datatype-jsr310\2.9.7\cbd919f1ce67533e07b98dd493247e8dbabc26b2\jackson-datatype-jsr310-2.9.7.jar;C:\Users\user\.gradle\caches\modules-2\files-2.1\com.fasterxml.jackson.module\jackson-module-parameter-names\2.9.7\f2bdd7696beffa2dbc5dc62cd24c3906a40ffcff\jackson-module-parameter-names-2.9.7.jar;C:\Users\user\.gradle\caches\modules-2\files-2.1\com.fasterxml.jackson.core\jackson-databind\2.9.7\e6faad47abd3179666e89068485a1b88a195ceb7\jackson-databind-2.9.7.jar;C:\Users\user\.gradle\caches\modules-2\files-2.1\org.apache.tomcat.embed\tomcat-embed-websocket\8.5.34\5f86906367c2540b21e6aeecc277d2ce9ec939b0\tomcat-embed-websocket-8.5.34.jar;C:\Users\user\.gradle\caches\modules-2\files-2.1\org.apache.tomcat.embed\tomcat-embed-core\8.5.34\a038040d68a90397f95dd1e11b979fe364a5000f\tomcat-embed-core-8.5.34.jar;C:\Users\user\.gradle\caches\modules-2\files-2.1\org.apache.tomcat.embed\tomcat-embed-el\8.5.34\be71a9a5bdd001db7cf97c47429eec0bdd3b7b88\tomcat-embed-el-8.5.34.jar;C:\Users\user\.gradle\caches\modules-2\files-2.1\javax.validation\validation-api\2.0.1.Final\cb855558e6271b1b32e716d24cb85c7f583ce09e\validation-api-2.0.1.Final.jar;C:\Users\user\.gradle\caches\modules-2\files-2.1\org.jboss.logging\jboss-logging\3.3.2.Final\3789d00e859632e6c6206adc0c71625559e6e3b0\jboss-logging-3.3.2.Final.jar;C:\Users\user\.gradle\caches\modules-2\files-2.1\com.fasterxml\classmate\1.3.4\3d5f48f10bbe4eb7bd862f10c0583be2e0053c6\classmate-1.3.4.jar;C:\Users\user\.gradle\caches\modules-2\files-2.1\net.minidev\json-smart\2.3\7396407491352ce4fa30de92efb158adb76b5b\json-smart-2.3.jar;C:\Users\user\.gradle\caches\modules-2\files-2.1\ch.qos.logback\logback-classic\1.2.3\7c4f3c474fb2c041d8028740440937705ebb473a\logback-classic-1.2.3.jar;C:\Users\user\.gradle\caches\modules-2\files-2.1\org.apache.logging.log4j\log4j-to-slf4j\2.10.0\f7e631ccf49cfc0aefa4a2a728da7d374c05bd3c\log4j-to-slf4j-2.10.0.jar;C:\Users\user\.gradle\caches\modules-2\files-2.1\org.slf4j\jul-to-slf4j\1.7.25\af5364cd6679bfffb114f0dec8a157aaa283b76\jul-to-slf4j-1.7.25.jar;C:\Users\user\.gradle\caches\modules-2\files-2.1\org.slf4j\slf4j-api\1.7.25\da76ca59f6a57ee3102f8f9bd9cee742973efa8a\slf4j-api-1.7.25.jar;C:\Users\user\.gradle\caches\modules-2\files-2.1\net.bytebuddy\byte-buddy\1.7.11\f02857a4e2c66ccbe7aaad6100a0a6c461bce9b3\byte-buddy-1.7.11.jar;C:\Users\user\.gradle\caches\modules-2\files-2.1\net.bytebuddy\byte-buddy-agent\1.7.11\b425a8933ca07edd03c6dbc8bc3b595fba9780de\byte-buddy-agent-1.7.11.jar;C:\Users\user\.gradle\caches\modules-2\files-2.1\org.objenesis\objenesis\2.6\639033469776fd37c08358c6b92a4761feb2af4b\objenesis-2.6.jar;C:\Users\user\.gradle\caches\modules-2\files-2.1\com.vaadin.external.google\android-json\0.0.20131108.vaadin1\fa26d351fe62a6a17f5cda1287c1c6110dec413f\android-json-0.0.20131108.vaadin1.jar;C:\Users\user\.gradle\caches\modules-2\files-2.1\org.springframework\spring-jcl\5.0.10.RELEASE\8d6a766be91ae5613f2828eb9f77739a47ceb357\spring-jcl-5.0.10.RELEASE.jar;C:\Users\user\.gradle\caches\modules-2\files-2.1\com.fasterxml.jackson.core\jackson-annotations\2.9.0\7c10d545325e3a6e72e06381afe469fd40eb701\jackson-annotations-2.9.0.jar;C:\Users\user\.gradle\caches\modules-2\files-2.1\com.fasterxml.jackson.core\jackson-core\2.9.7\4b7f0e0dc527fab032e9800ed231080fdc3ac015\jackson-core-2.9.7.jar;C:\Users\user\.gradle\caches\modules-2\files-2.1\net.minidev\accessors-smart\1.2\c592b500269bfde36096641b01238a8350f8aa31\accessors-smart-1.2.jar;C:\Users\user\.gradle\caches\modules-2\files-2.1\ch.qos.logback\logback-core\1.2.3\864344400c3d4d92dfeb0a305dc87d953677c03c\logback-core-1.2.3.jar;C:\Users\user\.gradle\caches\modules-2\files-2.1\org.apache.logging.log4j\log4j-api\2.10.0\fec5797a55b786184a537abd39c3fa1449d752d6\log4j-api-2.10.0.jar;C:\Users\user\.gradle\caches\modules-2\files-2.1\org.ow2.asm\asm\5.0.4\da08b8cce7bbf903602a25a3a163ae252435795\asm-5.0.4.jar, user.name=user, java.vm.specification.version=1.8, sun.java.command=worker.org.gradle.process.internal.worker.GradleWorkerMain 'Gradle Test Executor 1', java.home=C:\Program Files\Java\jdk1.8.0_201\jre, sun.arch.data.model=64, user.language=ko, java.specification.vendor=Oracle Corporation, awt.toolkit=sun.awt.windows.WToolkit, java.vm.info=mixed mode, java.version=1.8.0_201, java.ext.dirs=C:\Program Files\Java\jdk1.8.0_201\jre\lib\ext;C:\Windows\Sun\Java\lib\ext, sun.boot.class.path=C:\Program Files\Java\jdk1.8.0_201\jre\lib\resources.jar;C:\Program Files\Java\jdk1.8.0_201\jre\lib\rt.jar;C:\Program Files\Java\jdk1.8.0_201\jre\lib\sunrsasign.jar;C:\Program Files\Java\jdk1.8.0_201\jre\lib\jsse.jar;C:\Program Files\Java\jdk1.8.0_201\jre\lib\jce.jar;C:\Program Files\Java\jdk1.8.0_201\jre\lib\charsets.jar;C:\Program Files\Java\jdk1.8.0_201\jre\lib\jfr.jar;C:\Program Files\Java\jdk1.8.0_201\jre\classes, java.vendor=Oracle Corporation, org.gradle.test.worker=1, file.separator=\, java.vendor.url.bug=http://bugreport.sun.com/bugreport/, sun.io.unicode.encoding=UnicodeLittle, sun.cpu.endian=little, sun.desktop=windows, sun.cpu.isalist=amd64}}, SystemEnvironmentPropertySource@1209928723 {name='systemEnvironment', properties={USERDOMAIN_ROAMINGPROFILE=DESKTOP-S8RAEA7, LOCALAPPDATA=C:\Users\user\AppData\Local, NVM_SYMLINK=C:\Program Files\nodejs, PROCESSOR_LEVEL=23, IntelliJ IDEA=C:\Program Files\JetBrains\IntelliJ IDEA 2018.3.4\bin;, USERDOMAIN=DESKTOP-S8RAEA7, FPS_BROWSER_APP_PROFILE_STRING=Internet Explorer, LOGONSERVER=\\DESKTOP-S8RAEA7, JAVA_HOME=C:\Program Files\Java\jdk1.8.0_201, SESSIONNAME=Console, ALLUSERSPROFILE=C:\ProgramData, PROCESSOR_ARCHITECTURE=AMD64, PSModulePath=C:\Program Files\WindowsPowerShell\Modules;C:\Windows\system32\WindowsPowerShell\v1.0\Modules, SystemDrive=C:, OneDrive=C:\Users\user\OneDrive, APPDATA=C:\Users\user\AppData\Roaming, USERNAME=user, ProgramFiles(x86)=C:\Program Files (x86), CommonProgramFiles=C:\Program Files\Common Files, Path=C:/Program Files/Java/jre1.8.0_201/bin/server;C:/Program Files/Java/jre1.8.0_201/bin;C:/Program Files/Java/jre1.8.0_201/lib/amd64;C:\Program Files\VanDyke Software\Clients\;C:\Program Files (x86)\Common Files\Oracle\Java\javapath;C:\Windows\system32;C:\Windows;C:\Windows\System32\Wbem;C:\Windows\System32\WindowsPowerShell\v1.0\;C:\Windows\System32\OpenSSH\;C:\Program Files (x86)\NVIDIA Corporation\PhysX\Common;C:\Program Files\NVIDIA Corporation\NVIDIA NvDLISR;C:\Program Files\PuTTY\;C:\Users\user\AppData\Roaming\nvm;C:\Program Files\nodejs;C:\Program Files\nodejs\;C:\Program Files\Cloud Foundry;C:\Users\user\AppData\Local\Microsoft\WindowsApps;C:\Program Files\Java\jdk1.8.0_201\bin;D:\program\gradle\bin;C:\Program Files\JetBrains\IntelliJ IDEA 2018.3.4\bin;C:\Users\user\AppData\Local\Programs\Fiddler;C:\Users\user\AppData\Roaming\nvm;C:\Program Files\nodejs;C:\Users\user\AppData\Roaming\npm;C:\Users\user\AppData\Local\Programs\Microsoft VS Code\bin;C:\Users\user\eclipse\jee-2018-12\eclipse;, FPS_BROWSER_USER_PROFILE_STRING=Default, PATHEXT=.COM;.EXE;.BAT;.CMD;.VBS;.VBE;.JS;.JSE;.WSF;.WSH;.MSC, DriverData=C:\Windows\System32\Drivers\DriverData, OS=Windows_NT, COMPUTERNAME=DESKTOP-S8RAEA7, NVM_HOME=C:\Users\user\AppData\Roaming\nvm, PROCESSOR_REVISION=0802, CLASSPATH=C:\Program Files\Java\jdk1.8.0_201\lib, CommonProgramW6432=C:\Program Files\Common Files, ComSpec=C:\Windows\system32\cmd.exe, ProgramData=C:\ProgramData, ProgramW6432=C:\Program Files, =D:=D:\, HOMEPATH=\Users\user, SystemRoot=C:\Windows, TEMP=C:\Users\user\AppData\Local\Temp, HOMEDRIVE=C:, PROCESSOR_IDENTIFIER=AMD64 Family 23 Model 8 Stepping 2, AuthenticAMD, USERPROFILE=C:\Users\user, TMP=C:\Users\user\AppData\Local\Temp, CommonProgramFiles(x86)=C:\Program Files (x86)\Common Files, ProgramFiles=C:\Program Files, PUBLIC=C:\Users\Public, NUMBER_OF_PROCESSORS=16, windir=C:\Windows, =::=::\}}]
16:50:37.041 [Test worker] DEBUG org.springframework.test.context.support.TestPropertySourceUtils - Adding inlined properties to environment: {spring.jmx.enabled=false, org.springframework.boot.test.context.SpringBootTestContextBootstrapper=true, server.port=-1}
16:50:37.041 [Test worker] DEBUG org.springframework.core.env.StandardEnvironment - Adding PropertySource 'Inlined Test Properties' with highest search precedence
   _____ _______________   ____     _____                __                   ______                                 __  _                _____                       __        __   __
  / ___// ____/_  __/__ \ / __ \   / ___/___  ____  ____/ /________ __      _/_  __/________ _____  _________ ______/ /_(_)___  ____     / ___/____ _____ ___  ____  / /__     / /  / /
  \__ \/ /     / /  __/ // / / /   \__ \/ _ \/ __ \/ __  / ___/ __ `/ | /| / // / / ___/ __ `/ __ \/ ___/ __ `/ ___/ __/ / __ \/ __ \    \__ \/ __ `/ __ `__ \/ __ \/ / _ \   / /  / / 
 ___/ / /___  / /  / __// /_/ /   ___/ /  __/ / / / /_/ / /  / /_/ /| |/ |/ // / / /  / /_/ / / / (__  ) /_/ / /__/ /_/ / /_/ / / / /   ___/ / /_/ / / / / / / /_/ / /  __/  /_/  /_/  
/____/\____/ /_/  /____/\____/   /____/\___/_/ /_/\__,_/_/   \__,_/ |__/|__//_/ /_/   \__,_/_/ /_/____/\__,_/\___/\__/_/\____/_/ /_/   /____/\__,_/_/ /_/ /_/ .___/_/\___/  (_)  (_)   
                                                                                                                                                           /_/          
								== by YANG JAE HYUN ==                                                                                                                                              
2019-08-27 16:50:37.361  INFO 33284 --- [    Test worker] s.t.s.Sct20SendRawTransactionServiceTest : Starting Sct20SendRawTransactionServiceTest on DESKTOP-S8RAEA7 with PID 33284 (started by user in D:\workspace\ca_web_coupon_api\sct20SampleProject)
2019-08-27 16:50:37.363 DEBUG 33284 --- [    Test worker] s.t.s.Sct20SendRawTransactionServiceTest : Running with Spring Boot v2.0.6.RELEASE, Spring v5.0.10.RELEASE
2019-08-27 16:50:37.364  INFO 33284 --- [    Test worker] s.t.s.Sct20SendRawTransactionServiceTest : The following profiles are active: prod
2019-08-27 16:50:37.395  INFO 33284 --- [    Test worker] o.s.w.c.s.GenericWebApplicationContext   : Refreshing org.springframework.web.context.support.GenericWebApplicationContext@5ac751d8: startup date [Tue Aug 27 16:50:37 KST 2019]; root of context hierarchy
2019-08-27 16:50:38.062 DEBUG 33284 --- [    Test worker] com.symverse.common.KeyStoreManagement   : [ca_log]load credential
2019-08-27 16:50:40.085  INFO 33284 --- [    Test worker] o.s.w.s.handler.SimpleUrlHandlerMapping  : Mapped URL path [/**/favicon.ico] onto handler of type [class org.springframework.web.servlet.resource.ResourceHttpRequestHandler]
2019-08-27 16:50:40.320  INFO 33284 --- [    Test worker] s.w.s.m.m.a.RequestMappingHandlerAdapter : Looking for @ControllerAdvice: org.springframework.web.context.support.GenericWebApplicationContext@5ac751d8: startup date [Tue Aug 27 16:50:37 KST 2019]; root of context hierarchy
2019-08-27 16:50:40.388  INFO 33284 --- [    Test worker] s.w.s.m.m.a.RequestMappingHandlerMapping : Mapped "{[/sct20Sample/method1],methods=[GET],consumes=[application/json],produces=[application/json]}" onto public java.lang.Object com.symverse.controller.Sct20Controller.method1() throws java.lang.Exception
2019-08-27 16:50:40.389  INFO 33284 --- [    Test worker] s.w.s.m.m.a.RequestMappingHandlerMapping : Mapped "{[/sct20Sample/method2],methods=[GET],consumes=[application/json],produces=[application/json]}" onto public java.lang.Object com.symverse.controller.Sct20Controller.method2() throws java.lang.Exception
2019-08-27 16:50:40.390  INFO 33284 --- [    Test worker] s.w.s.m.m.a.RequestMappingHandlerMapping : Mapped "{[/sct20Sample/method0],methods=[GET],consumes=[application/json],produces=[application/json]}" onto public java.lang.Object com.symverse.controller.Sct20Controller.method0() throws java.lang.Exception
2019-08-27 16:50:40.390  INFO 33284 --- [    Test worker] s.w.s.m.m.a.RequestMappingHandlerMapping : Mapped "{[/sct20Sample/method7],methods=[GET],consumes=[application/json],produces=[application/json]}" onto public java.lang.Object com.symverse.controller.Sct20Controller.method7() throws java.lang.Exception
2019-08-27 16:50:40.390  INFO 33284 --- [    Test worker] s.w.s.m.m.a.RequestMappingHandlerMapping : Mapped "{[/sct20Sample/method4],methods=[GET],consumes=[application/json],produces=[application/json]}" onto public java.lang.Object com.symverse.controller.Sct20Controller.method4() throws java.lang.Exception
2019-08-27 16:50:40.390  INFO 33284 --- [    Test worker] s.w.s.m.m.a.RequestMappingHandlerMapping : Mapped "{[/sct20Sample/method6],methods=[GET],consumes=[application/json],produces=[application/json]}" onto public java.lang.Object com.symverse.controller.Sct20Controller.method6() throws java.lang.Exception
2019-08-27 16:50:40.391  INFO 33284 --- [    Test worker] s.w.s.m.m.a.RequestMappingHandlerMapping : Mapped "{[/sct20Sample/method3],methods=[GET],consumes=[application/json],produces=[application/json]}" onto public java.lang.Object com.symverse.controller.Sct20Controller.method3() throws java.lang.Exception
2019-08-27 16:50:40.391  INFO 33284 --- [    Test worker] s.w.s.m.m.a.RequestMappingHandlerMapping : Mapped "{[/sct20Sample/method5],methods=[GET],consumes=[application/json],produces=[application/json]}" onto public java.lang.Object com.symverse.controller.Sct20Controller.method5() throws java.lang.Exception
2019-08-27 16:50:40.393  INFO 33284 --- [    Test worker] s.w.s.m.m.a.RequestMappingHandlerMapping : Mapped "{[/error]}" onto public org.springframework.http.ResponseEntity<java.util.Map<java.lang.String, java.lang.Object>> org.springframework.boot.autoconfigure.web.servlet.error.BasicErrorController.error(javax.servlet.http.HttpServletRequest)
2019-08-27 16:50:40.393  INFO 33284 --- [    Test worker] s.w.s.m.m.a.RequestMappingHandlerMapping : Mapped "{[/error],produces=[text/html]}" onto public org.springframework.web.servlet.ModelAndView org.springframework.boot.autoconfigure.web.servlet.error.BasicErrorController.errorHtml(javax.servlet.http.HttpServletRequest,javax.servlet.http.HttpServletResponse)
2019-08-27 16:50:40.418  INFO 33284 --- [    Test worker] o.s.w.s.handler.SimpleUrlHandlerMapping  : Mapped URL path [/webjars/**] onto handler of type [class org.springframework.web.servlet.resource.ResourceHttpRequestHandler]
2019-08-27 16:50:40.418  INFO 33284 --- [    Test worker] o.s.w.s.handler.SimpleUrlHandlerMapping  : Mapped URL path [/**] onto handler of type [class org.springframework.web.servlet.resource.ResourceHttpRequestHandler]
2019-08-27 16:50:40.641  INFO 33284 --- [    Test worker] s.t.s.Sct20SendRawTransactionServiceTest : Started Sct20SendRawTransactionServiceTest in 3.591 seconds (JVM running for 4.741)
response : {"jsonrpc":"2.0","id":"2","result":"0x28"}

2019-08-27 16:50:40.907 DEBUG 33284 --- [    Test worker] com.symverse.common.SymGetAPITest        : {"result":"0x28","id":"2","jsonrpc":"2.0"}
2019-08-27 16:50:40.908 DEBUG 33284 --- [    Test worker] s.t.s.Sct20SendRawTransactionServiceTest : [coupon_log]sct20SendRawTransaction methodType [20]
hashInputRlpMethodType0_Values start
return strintDecimaltoHexValueConvert0x14
2019-08-27 16:50:40.916 DEBUG 33284 --- [    Test worker] c.s.s.t.s.Sct20RawTransactionEncoderTest : asRlpValues Finish
hashInputRlpMethodType0_Values start
return strintDecimaltoHexValueConvert0x14
2019-08-27 16:50:40.928 DEBUG 33284 --- [    Test worker] c.s.s.t.s.Sct20RawTransactionEncoderTest : asRlpValues Finish
2019-08-27 16:50:40.931 DEBUG 33284 --- [    Test worker] s.t.s.Sct20SendRawTransactionServiceTest : hexvalue: 0xf8898a0002200000000027000228850430e23400831e84808002a0df1480dc8954657374546f6b656e835458548227108a0002200000000027000201cb8a0002200000000027000280a017ebfb7a29bb03c1326ee143ba297420a76a3b152beb5055ec8410888ead0a0ea07535f2182ec7f4379a2cde3f42f8c33d931d88e6047a7d692b7d16b7eddab625
2019-08-27 16:50:41.020 DEBUG 33284 --- [    Test worker] s.t.s.Sct20SendRawTransactionServiceTest : [ca_log]sct20SendRawTransaction hash: 0xcb261aed43af90ccc6e3f76c82fdd50e9ef3f94477552c2955dfb73d2176f7ab
response : {"jsonrpc":"2.0","id":"2","result":"0x29"}

2019-08-27 16:50:41.053 DEBUG 33284 --- [    Test worker] com.symverse.common.SymGetAPITest        : {"result":"0x29","id":"2","jsonrpc":"2.0"}
2019-08-27 16:50:41.053 DEBUG 33284 --- [    Test worker] s.t.s.Sct20SendRawTransactionServiceTest : [coupon_log]sct20SendRawTransaction methodType [20]
return strintDecimaltoHexValueConvert0x14
2019-08-27 16:50:41.054 DEBUG 33284 --- [    Test worker] c.s.s.t.s.Sct20RawTransactionEncoderTest : asRlpValues Finish
return strintDecimaltoHexValueConvert0x14
2019-08-27 16:50:41.058 DEBUG 33284 --- [    Test worker] c.s.s.t.s.Sct20RawTransactionEncoderTest : asRlpValues Finish
2019-08-27 16:50:41.060 DEBUG 33284 --- [    Test worker] s.t.s.Sct20SendRawTransactionServiceTest : hexvalue: 0xf8838a0002200000000027000229850430e23400831e84808af89448d8a643f0a26a340290cf1401cc8a000220000000002500020a01cb8a0002200000000027000201a098886890324dacd7e4b7fb363d3c25b36e3326de4321a379333d545e20d98546a042c14c38cf3414c1d8c3b1c7475286f7fd240445914cf24c5afd771857a113f1
2019-08-27 16:50:41.072 DEBUG 33284 --- [    Test worker] s.t.s.Sct20SendRawTransactionServiceTest : [ca_log]sct20SendRawTransaction hash: 0x7e7dd8ce50115b426022f607d24799db6c3e2dde9bce770e80631624a05c9845
response : {"jsonrpc":"2.0","id":"2","result":"0x2a"}

2019-08-27 16:50:41.097 DEBUG 33284 --- [    Test worker] com.symverse.common.SymGetAPITest        : {"result":"0x2a","id":"2","jsonrpc":"2.0"}
2019-08-27 16:50:41.097 DEBUG 33284 --- [    Test worker] s.t.s.Sct20SendRawTransactionServiceTest : [coupon_log]sct20SendRawTransaction methodType [20]
return strintDecimaltoHexValueConvert0x14
2019-08-27 16:50:41.098 DEBUG 33284 --- [    Test worker] c.s.s.t.s.Sct20RawTransactionEncoderTest : asRlpValues Finish
return strintDecimaltoHexValueConvert0x14
2019-08-27 16:50:41.100 DEBUG 33284 --- [    Test worker] c.s.s.t.s.Sct20RawTransactionEncoderTest : asRlpValues Finish
2019-08-27 16:50:41.102 DEBUG 33284 --- [    Test worker] s.t.s.Sct20SendRawTransactionServiceTest : hexvalue: 0xf88e8a000220000000002700022a850430e23400831e84808af89448d8a643f0a26a34809bda1402d78a000220000000002700028a000220000000002500020a01cb8a0002200000000027000280a04a4aa27ef853a38dc372dc9423241c8b01dcddce2e6b7ba3c555153110053ed3a0303fe10622d6135a614ef348d282a9b5513bda1daa76dec979e85b8da1a88105
2019-08-27 16:50:41.118 DEBUG 33284 --- [    Test worker] s.t.s.Sct20SendRawTransactionServiceTest : [ca_log]sct20SendRawTransaction hash: 0xb1321dc1083f173bf1d7f45d85e8ddc8f514d6f6550e057442ed46e5d125a4f0
response : {"jsonrpc":"2.0","id":"2","result":"0x2b"}

2019-08-27 16:50:41.138 DEBUG 33284 --- [    Test worker] com.symverse.common.SymGetAPITest        : {"result":"0x2b","id":"2","jsonrpc":"2.0"}
2019-08-27 16:50:41.138 DEBUG 33284 --- [    Test worker] s.t.s.Sct20SendRawTransactionServiceTest : [coupon_log]sct20SendRawTransaction methodType [20]
return strintDecimaltoHexValueConvert0x14
2019-08-27 16:50:41.138 DEBUG 33284 --- [    Test worker] c.s.s.t.s.Sct20RawTransactionEncoderTest : asRlpValues Finish
return strintDecimaltoHexValueConvert0x14
2019-08-27 16:50:41.142 DEBUG 33284 --- [    Test worker] c.s.s.t.s.Sct20RawTransactionEncoderTest : asRlpValues Finish
2019-08-27 16:50:41.143 DEBUG 33284 --- [    Test worker] s.t.s.Sct20SendRawTransactionServiceTest : hexvalue: 0xf8838a000220000000002700022b850430e23400831e84808af89448d8a643f0a26a340290cf1403cc8a000220000000002600026401cb8a0002200000000027000201a0c3223d4ff160d59729f812ea537a1298b3ab09cd0746b9fee51482c1a007ed40a037fcf65e208488232ee5bed3f52b6aac8cb59047027b9198f0537f1a15e6fbdf
2019-08-27 16:50:41.156 DEBUG 33284 --- [    Test worker] s.t.s.Sct20SendRawTransactionServiceTest : [ca_log]sct20SendRawTransaction hash: 0x51d9396a3ce6f0d033a115e9efb2173a3de3dd6bc08a4ba25d15425c334d7ccb
response : {"jsonrpc":"2.0","id":"2","result":"0x2c"}

2019-08-27 16:50:41.179 DEBUG 33284 --- [    Test worker] com.symverse.common.SymGetAPITest        : {"result":"0x2c","id":"2","jsonrpc":"2.0"}
2019-08-27 16:50:41.179 DEBUG 33284 --- [    Test worker] s.t.s.Sct20SendRawTransactionServiceTest : [coupon_log]sct20SendRawTransaction methodType [20]
return strintDecimaltoHexValueConvert0x14
2019-08-27 16:50:41.179 DEBUG 33284 --- [    Test worker] c.s.s.t.s.Sct20RawTransactionEncoderTest : asRlpValues Finish
return strintDecimaltoHexValueConvert0x14
2019-08-27 16:50:41.181 DEBUG 33284 --- [    Test worker] c.s.s.t.s.Sct20RawTransactionEncoderTest : asRlpValues Finish
2019-08-27 16:50:41.182 DEBUG 33284 --- [    Test worker] s.t.s.Sct20SendRawTransactionServiceTest : hexvalue: 0xf8838a000220000000002700022c850430e23400831e84808af89448d8a643f0a26a348090cf1404cc8a000220000000002700026401cb8a0002200000000027000280a0c3f2b18bd6d07539b1de350b3eda3d3040191bc8594d4c23f36a058bd624a670a06b70bc1a5242a9af7394bba36feaf515a7b45463a0481bd705aaad7bc2ef864d
2019-08-27 16:50:41.197 DEBUG 33284 --- [    Test worker] s.t.s.Sct20SendRawTransactionServiceTest : [ca_log]sct20SendRawTransaction hash: 0xcc73b930262ab1c3efeb184888a6eeff40ac5a2f9258cb3a04d276e028107fa8
response : {"jsonrpc":"2.0","id":"2","result":"0x2d"}

2019-08-27 16:50:41.218 DEBUG 33284 --- [    Test worker] com.symverse.common.SymGetAPITest        : {"result":"0x2d","id":"2","jsonrpc":"2.0"}
2019-08-27 16:50:41.218 DEBUG 33284 --- [    Test worker] s.t.s.Sct20SendRawTransactionServiceTest : [coupon_log]sct20SendRawTransaction methodType [20]
return strintDecimaltoHexValueConvert0x14
2019-08-27 16:50:41.218 DEBUG 33284 --- [    Test worker] c.s.s.t.s.Sct20RawTransactionEncoderTest : asRlpValues Finish
return strintDecimaltoHexValueConvert0x14
2019-08-27 16:50:41.222 DEBUG 33284 --- [    Test worker] c.s.s.t.s.Sct20RawTransactionEncoderTest : asRlpValues Finish
2019-08-27 16:50:41.223 DEBUG 33284 --- [    Test worker] s.t.s.Sct20SendRawTransactionServiceTest : hexvalue: 0xf8838a000220000000002700022d850430e23400831e84808af89448d8a643f0a26a348090cf1405cc8a000220000000002700021401cb8a0002200000000027000201a036b1ddfa55811e4b4412d1e5675924da15fef9ba04bbbdd1bdbc31534889175fa0355400978978e6e562045c4831a2cbb44c5ec6f6de3de9cd18e8501a9952e1fd
2019-08-27 16:50:41.241 DEBUG 33284 --- [    Test worker] s.t.s.Sct20SendRawTransactionServiceTest : [ca_log]sct20SendRawTransaction hash: 0x4997511d502df6a6f88893e5f63cc285bbf8f7e9c00aea1da09869d8f7c9bbb5
response : {"jsonrpc":"2.0","id":"2","result":"0x2e"}

2019-08-27 16:50:41.273 DEBUG 33284 --- [    Test worker] com.symverse.common.SymGetAPITest        : {"result":"0x2e","id":"2","jsonrpc":"2.0"}
2019-08-27 16:50:41.273 DEBUG 33284 --- [    Test worker] s.t.s.Sct20SendRawTransactionServiceTest : [coupon_log]sct20SendRawTransaction methodType [20]
return strintDecimaltoHexValueConvert0x14
2019-08-27 16:50:41.273 DEBUG 33284 --- [    Test worker] c.s.s.t.s.Sct20RawTransactionEncoderTest : asRlpValues Finish
return strintDecimaltoHexValueConvert0x14
2019-08-27 16:50:41.275 DEBUG 33284 --- [    Test worker] c.s.s.t.s.Sct20RawTransactionEncoderTest : asRlpValues Finish
2019-08-27 16:50:41.276 DEBUG 33284 --- [    Test worker] s.t.s.Sct20SendRawTransactionServiceTest : hexvalue: 0xf8778a000220000000002700022e850430e23400831e84808af89448d8a643f0a26a348084c31406c001cb8a0002200000000027000280a0798d401ca6b5f34eae5fbac11720caa4478ab413e5120a06c74bfbc8c595b196a0103eb4301a94196aae1106affe11e15e8a27e9df23edbff00cbd7e1527b88c80
2019-08-27 16:50:41.293 DEBUG 33284 --- [    Test worker] s.t.s.Sct20SendRawTransactionServiceTest : [ca_log]sct20SendRawTransaction hash: 0xacbe2ab27575b54f777e54a8f611f1f89ee177391ac36a3a9268151ccc16a48a
response : {"jsonrpc":"2.0","id":"2","result":"0x2f"}

2019-08-27 16:50:41.310 DEBUG 33284 --- [    Test worker] com.symverse.common.SymGetAPITest        : {"result":"0x2f","id":"2","jsonrpc":"2.0"}
2019-08-27 16:50:41.310 DEBUG 33284 --- [    Test worker] s.t.s.Sct20SendRawTransactionServiceTest : [coupon_log]sct20SendRawTransaction methodType [20]
return strintDecimaltoHexValueConvert0x14
2019-08-27 16:50:41.310 DEBUG 33284 --- [    Test worker] c.s.s.t.s.Sct20RawTransactionEncoderTest : asRlpValues Finish
return strintDecimaltoHexValueConvert0x14
2019-08-27 16:50:41.313 DEBUG 33284 --- [    Test worker] c.s.s.t.s.Sct20RawTransactionEncoderTest : asRlpValues Finish
2019-08-27 16:50:41.314 DEBUG 33284 --- [    Test worker] s.t.s.Sct20SendRawTransactionServiceTest : hexvalue: 0xf8778a000220000000002700022f850430e23400831e84808af89448d8a643f0a26a348084c31407c001cb8a0002200000000027000201a0abc5c4528ceb454e02450e8ccd9f9bdc704102df72ac161e02c0948890fad80ba0771f685a4df045bc40788c3666efdabad18d90e8f6abf8248f697121b530738f
2019-08-27 16:50:41.328 DEBUG 33284 --- [    Test worker] s.t.s.Sct20SendRawTransactionServiceTest : [ca_log]sct20SendRawTransaction hash: 0x1cdc02cfe874b8c3597e2a877311e673aec85c04665123325f2fc29738ea4d52
]]></system-out>
  <system-err><![CDATA[]]></system-err>
</testsuite>
